-------------------------------------------------------------------------------
Test set: servlet.tests.EndpointTest
-------------------------------------------------------------------------------
Tests run: 3, Failures: 3, Errors: 0, Skipped: 0, Time elapsed: 2.783 s <<< FAILURE! - in servlet.tests.EndpointTest
testFindAllByUsername(servlet.tests.EndpointTest)  Time elapsed: 1.959 s  <<< FAILURE!
org.junit.ComparisonFailure: Response content should match expected:<[[{"userName":"user1","transactionType":"deposit","transactionAmount":500.0,"transactionDate":"2024-03-18"}]]> but was:<[]>
	at servlet.tests.EndpointTest.testFindAllByUsername(EndpointTest.java:87)

testFindAllByDateAndUsername(servlet.tests.EndpointTest)  Time elapsed: 0.012 s  <<< FAILURE!
org.junit.ComparisonFailure: Response content should match expected:<[[{"userName":"user1","transactionType":"deposit","transactionAmount":500.0,"transactionDate":"2024-03-18"}]]> but was:<[]>
	at servlet.tests.EndpointTest.testFindAllByDateAndUsername(EndpointTest.java:106)

testFindAll(servlet.tests.EndpointTest)  Time elapsed: 0.016 s  <<< FAILURE!
org.mockito.exceptions.verification.WantedButNotInvoked: 

Wanted but not invoked:
service.callViewAllTransaction();
-> at servlet.tests.EndpointTest.testFindAll(EndpointTest.java:65)
Actually, there were zero interactions with this mock.

	at servlet.tests.EndpointTest.testFindAll(EndpointTest.java:65)

