<?xml version="1.0" encoding="UTF-8"?>
<testsuite xmlns:xsi="http://www.w3.org/2001/XMLSchema-instance" xsi:noNamespaceSchemaLocation="https://maven.apache.org/surefire/maven-surefire-plugin/xsd/surefire-test-report.xsd" name="servlet.tests.EndpointTest" time="2.783" tests="3" errors="0" skipped="0" failures="3">
  <properties>
[...]
</properties>
  <testcase name="testFindAllByUsername" classname="servlet.tests.EndpointTest" time="1.959">
    <failure message="Response content should match expected:&lt;[[{&quot;userName&quot;:&quot;user1&quot;,&quot;transactionType&quot;:&quot;deposit&quot;,&quot;transactionAmount&quot;:500.0,&quot;transactionDate&quot;:&quot;2024-03-18&quot;}]]&gt; but was:&lt;[]&gt;" type="org.junit.ComparisonFailure">org.junit.ComparisonFailure: Response content should match expected:&lt;[[{"userName":"user1","transactionType":"deposit","transactionAmount":500.0,"transactionDate":"2024-03-18"}]]&gt; but was:&lt;[]&gt;	at servlet.tests.EndpointTest.testFindAllByUsername(EndpointTest.java:87)</failure>
    <system-out><![CDATA[null
]]></system-out>
  </testcase>
  <testcase name="testFindAllByDateAndUsername" classname="servlet.tests.EndpointTest" time="0.012">
    <failure message="Response content should match expected:&lt;[[{&quot;userName&quot;:&quot;user1&quot;,&quot;transactionType&quot;:&quot;deposit&quot;,&quot;transactionAmount&quot;:500.0,&quot;transactionDate&quot;:&quot;2024-03-18&quot;}]]&gt; but was:&lt;[]&gt;" type="org.junit.ComparisonFailure">org.junit.ComparisonFailure: Response content should match expected:&lt;[[{"userName":"user1","transactionType":"deposit","transactionAmount":500.0,"transactionDate":"2024-03-18"}]]&gt; but was:&lt;[]&gt;	at servlet.tests.EndpointTest.testFindAllByDateAndUsername(EndpointTest.java:106)</failure>
    <system-out><![CDATA[null
]]></system-out>
  </testcase>
  <testcase name="testFindAll" classname="servlet.tests.EndpointTest" time="0.016">
    <failure message="&#10;Wanted but not invoked:&#10;service.callViewAllTransaction();&#10;-&gt; at servlet.tests.EndpointTest.testFindAll(EndpointTest.java:65)&#10;Actually, there were zero interactions with this mock.&#10;" type="org.mockito.exceptions.verification.WantedButNotInvoked">org.mockito.exceptions.verification.WantedButNotInvoked: 

Wanted but not invoked:
service.callViewAllTransaction();
-> at servlet.tests.EndpointTest.testFindAll(EndpointTest.java:65)
Actually, there were zero interactions with this mock.

	at servlet.tests.EndpointTest.testFindAll(EndpointTest.java:65)
</failure>
    <system-out><![CDATA[[MockitoHint] EndpointTest.testFindAllByDateAndUsername (see javadoc for MockitoHint):
[MockitoHint] 1. Unused... -> at servlet.tests.EndpointTest.testFindAllByDateAndUsername(EndpointTest.java:96)
[MockitoHint]  ...args ok? -> at dao.servlets.FindAllByDateUser.doGet(FindAllByDateUser.java:30)
[MockitoHint]  ...args ok? -> at dao.servlets.FindAllByDateUser.doGet(FindAllByDateUser.java:31)
[MockitoHint]  ...args ok? -> at dao.servlets.FindAllByDateUser.doGet(FindAllByDateUser.java:32)
[MockitoHint] 2. Unused... -> at servlet.tests.EndpointTest.testFindAllByDateAndUsername(EndpointTest.java:97)
[MockitoHint]  ...args ok? -> at dao.servlets.FindAllByDateUser.doGet(FindAllByDateUser.java:30)
[MockitoHint]  ...args ok? -> at dao.servlets.FindAllByDateUser.doGet(FindAllByDateUser.java:31)
[MockitoHint]  ...args ok? -> at dao.servlets.FindAllByDateUser.doGet(FindAllByDateUser.java:32)

null
]]></system-out>
  </testcase>
</testsuite>